app/build/outputs/logs/manifest-merger-debug-report.txt
-- Merging decision tree log ---
manifest
ADDED from src/main/AndroidManifest.xml:2:1-60:12
	package
		ADDED from src/main/AndroidManifest.xml:3:7-35
		INJECTED from src/main/AndroidManifest.xml
		INJECTED from src/main/AndroidManifest.xml
	android:versionName
		ADDED from src/main/AndroidManifest.xml:5:7-32
		INJECTED from src/main/AndroidManifest.xml
		INJECTED from src/main/AndroidManifest.xml
	android:versionCode
		ADDED from src/main/AndroidManifest.xml:4:7-31
		INJECTED from src/main/AndroidManifest.xml
		INJECTED from src/main/AndroidManifest.xml
	xmlns:android
		ADDED from src/main/AndroidManifest.xml:2:11-69
uses-permission#android.permission.READ_EXTERNAL_STORAGE
ADDED from src/main/AndroidManifest.xml:6:5-80
	android:name
		ADDED from src/main/AndroidManifest.xml:6:22-77
application
ADDED from src/main/AndroidManifest.xml:7:5-59:19
MERGED from [com.android.support:support-core-utils:25.3.1] AndroidManifest.xml:29:5-20
MERGED from [com.android.support:support-compat:25.3.1] AndroidManifest.xml:29:5-20
	android:label
		ADDED from src/main/AndroidManifest.xml:7:18-50
	android:icon
		ADDED from src/main/AndroidManifest.xml:8:9-42
	android:theme
		ADDED from src/main/AndroidManifest.xml:9:9-40
activity#com.tassadar.vnote.MainActivity
ADDED from src/main/AndroidManifest.xml:10:9-42:20
	android:label
		ADDED from src/main/AndroidManifest.xml:11:19-51
	android:launchMode
		ADDED from src/main/AndroidManifest.xml:12:19-49
	android:name
		ADDED from src/main/AndroidManifest.xml:10:19-46
meta-data#android.app.searchable
ADDED from src/main/AndroidManifest.xml:13:13-14:61
	android:resource
		ADDED from src/main/AndroidManifest.xml:14:24-58
	android:name
		ADDED from src/main/AndroidManifest.xml:13:24-61
intent-filter#android.intent.action.MAIN+android.intent.category.LAUNCHER
ADDED from src/main/AndroidManifest.xml:15:13-18:29
action#android.intent.action.MAIN
ADDED from src/main/AndroidManifest.xml:16:17-69
	android:name
		ADDED from src/main/AndroidManifest.xml:16:25-66
category#android.intent.category.LAUNCHER
ADDED from src/main/AndroidManifest.xml:17:17-77
	android:name
		ADDED from src/main/AndroidManifest.xml:17:27-74
intent-filter#android.intent.action.SEND_MULTIPLE+android.intent.category.DEFAULT
ADDED from src/main/AndroidManifest.xml:19:13-23:29
action#android.intent.action.SEND_MULTIPLE
ADDED from src/main/AndroidManifest.xml:20:17-78
	android:name
		ADDED from src/main/AndroidManifest.xml:20:25-75
category#android.intent.category.DEFAULT
ADDED from src/main/AndroidManifest.xml:21:17-76
	android:name
		ADDED from src/main/AndroidManifest.xml:21:27-73
data
ADDED from src/main/AndroidManifest.xml:22:17-69
	android:mimeType
		ADDED from src/main/AndroidManifest.xml:22:23-66
intent-filter#android.intent.action.SEND+android.intent.category.DEFAULT
ADDED from src/main/AndroidManifest.xml:24:13-28:29
action#android.intent.action.SEND
ADDED from src/main/AndroidManifest.xml:25:17-69
	android:name
		ADDED from src/main/AndroidManifest.xml:25:25-66
intent-filter#android.intent.action.VIEW+android.intent.category.DEFAULT
ADDED from src/main/AndroidManifest.xml:29:13-33:29
action#android.intent.action.VIEW
ADDED from src/main/AndroidManifest.xml:30:17-69
	android:name
		ADDED from src/main/AndroidManifest.xml:30:25-66
intent-filter#android.intent.action.SEARCH
ADDED from src/main/AndroidManifest.xml:39:13-41:29
action#android.intent.action.SEARCH
ADDED from src/main/AndroidManifest.xml:40:17-71
	android:name
		ADDED from src/main/AndroidManifest.xml:40:25-68
activity#com.tassadar.vnote.FileManagerActivity
ADDED from src/main/AndroidManifest.xml:43:9-44:52
	android:label
		ADDED from src/main/AndroidManifest.xml:44:13-49
	android:name
		ADDED from src/main/AndroidManifest.xml:43:19-53
activity#com.tassadar.vnote.NoteActivity
ADDED from src/main/AndroidManifest.xml:45:9-46:49
	android:label
		ADDED from src/main/AndroidManifest.xml:46:13-46
	android:name
		ADDED from src/main/AndroidManifest.xml:45:19-46
meta-data#android.app.default_searchable
ADDED from src/main/AndroidManifest.xml:47:9-48:52
	android:value
		ADDED from src/main/AndroidManifest.xml:48:20-49
	android:name
		ADDED from src/main/AndroidManifest.xml:47:20-65
provider#android.support.v4.content.FileProvider
ADDED from src/main/AndroidManifest.xml:49:9-57:20
	android:authorities
		ADDED from src/main/AndroidManifest.xml:51:13-66
	android:grantUriPermissions
		ADDED from src/main/AndroidManifest.xml:52:13-47
	android:exported
		ADDED from src/main/AndroidManifest.xml:53:13-37
	android:name
		ADDED from src/main/AndroidManifest.xml:50:13-67
meta-data#android.support.FILE_PROVIDER_PATHS
ADDED from src/main/AndroidManifest.xml:54:13-56:53
	android:resource
		ADDED from src/main/AndroidManifest.xml:56:17-50
	android:name
		ADDED from src/main/AndroidManifest.xml:55:17-67
uses-sdk
INJECTED from src/main/AndroidManifest.xml reason: use-sdk injection requested
MERGED from [com.android.support:support-core-utils:25.3.1] AndroidManifest.xml:21:5-23:61
MERGED from [com.android.support:support-compat:25.3.1] AndroidManifest.xml:21:5-23:58
	tools:overrideLibrary
		ADDED from [com.android.support:support-core-utils:25.3.1] AndroidManifest.xml:23:9-58
	android:targetSdkVersion
		INJECTED from src/main/AndroidManifest.xml
		INJECTED from src/main/AndroidManifest.xml
	android:minSdkVersion
		INJECTED from src/main/AndroidManifest.xml
		INJECTED from src/main/AndroidManifest.xml
meta-data#android.support.VERSION
ADDED from [com.android.support:support-core-utils:25.3.1] AndroidManifest.xml:25:5-27:34
MERGED from [com.android.support:support-compat:25.3.1] AndroidManifest.xml:25:5-27:34
	android:value
		ADDED from [com.android.support:support-core-utils:25.3.1] AndroidManifest.xml:27:9-31
	android:name
		ADDED from [com.android.support:support-core-utils:25.3.1] AndroidManifest.xml:26:9-47